build/app/outputs/mapping/release/seeds.txt
androidx.window.embedding.EmbeddingAdapter: boolean translateParentMetricsPredicate$lambda-4(androidx.window.embedding.SplitRule,android.view.WindowMetrics)
androidx.core.view.ViewCompat$Api16Impl: android.view.accessibility.AccessibilityNodeProvider getAccessibilityNodeProvider(android.view.View)
androidx.window.layout.ExtensionInterfaceCompat$ExtensionCallbackInterface: void onWindowLayoutChanged(android.app.Activity,androidx.window.layout.WindowLayoutInfo)
androidx.window.layout.SidecarCompat: SidecarCompat(android.content.Context)
kotlin.jvm.internal.ReflectionFactory: ReflectionFactory()
io.flutter.embedding.engine.FlutterJNI: boolean isAttached()
androidx.core.view.WindowInsetsCompat$Impl20: WindowInsetsCompat$Impl20(androidx.core.view.WindowInsetsCompat,android.view.WindowInsets)
kotlin.coroutines.jvm.internal.SuspendLambda: SuspendLambda(int,kotlin.coroutines.Continuation)
kotlinx.coroutines.CompletionHandlerBase: CompletionHandlerBase()
androidx.window.R: R()
androidx.window.layout.SidecarWindowBackend: boolean isActivityRegistered(android.app.Activity)
io.flutter.embedding.engine.FlutterJNI: void loadLibrary()
io.flutter.view.AccessibilityViewEmbedder: android.view.accessibility.AccessibilityNodeInfo getRootNode(android.view.View,int,android.graphics.Rect)
io.flutter.plugin.editing.ImeSyncDeferringInsetsCallback$AnimationCallback: void onPrepare(android.view.WindowInsetsAnimation)
androidx.core.graphics.drawable.IconCompat$Api23Impl: android.graphics.drawable.Icon toIcon(androidx.core.graphics.drawable.IconCompat,android.content.Context)
androidx.window.embedding.SplitRule: int getMinWidth()
androidx.core.graphics.drawable.IconCompat$Api28Impl: java.lang.String getResPackage(java.lang.Object)
io.flutter.embedding.engine.FlutterJNI: void addEngineLifecycleListener(io.flutter.embedding.engine.FlutterEngine$EngineLifecycleListener)
androidx.window.embedding.SplitInfo: boolean contains(android.app.Activity)
androidx.core.view.ViewCompat$Api20Impl: android.view.WindowInsets onApplyWindowInsets(android.view.View,android.view.WindowInsets)
androidx.window.layout.ExtensionWindowLayoutInfoBackend$MulticastConsumer: void addListener(androidx.core.util.Consumer)
androidx.window.layout.WindowMetricsCalculator$Companion$reset$1: androidx.window.layout.WindowMetricsCalculator invoke(androidx.window.layout.WindowMetricsCalculator)
androidx.core.view.WindowInsetsCompat$Impl29: WindowInsetsCompat$Impl29(androidx.core.view.WindowInsetsCompat,androidx.core.view.WindowInsetsCompat$Impl29)
androidx.window.java.layout.WindowInfoTrackerCallbackAdapter: void addListener(java.util.concurrent.Executor,androidx.core.util.Consumer,kotlinx.coroutines.flow.Flow)
io.flutter.embedding.engine.FlutterJNI: io.flutter.view.FlutterCallbackInformation nativeLookupCallbackInformation(long)
androidx.window.core.Bounds: int getBottom()
kotlin.jvm.internal.FunctionReferenceImpl: FunctionReferenceImpl(int,java.lang.Object,java.lang.Class,java.lang.String,java.lang.String,int)
androidx.window.layout.SidecarWindowBackend$WindowLayoutChangeCallbackWrapper: void accept(androidx.window.layout.WindowLayoutInfo)
io.flutter.view.AccessibilityBridge$TextDirection: io.flutter.view.AccessibilityBridge$TextDirection valueOf(java.lang.String)
io.flutter.embedding.engine.FlutterJNI: void updateSemantics(java.nio.ByteBuffer,java.lang.String[],java.nio.ByteBuffer[])
androidx.window.layout.SidecarCompat$registerConfigurationChangeListener$configChangeObserver$1: void onLowMemory()
androidx.window.layout.SidecarAdapter: androidx.window.layout.WindowLayoutInfo translate(androidx.window.sidecar.SidecarWindowLayoutInfo,androidx.window.sidecar.SidecarDeviceState)
io.flutter.embedding.engine.FlutterJNI: void setRefreshRateFPS(float)
io.flutter.embedding.engine.FlutterJNI: void loadDartDeferredLibrary(int,java.lang.String[])
android.support.v4.app.RemoteActionCompatParcelizer: RemoteActionCompatParcelizer()