build/app/outputs/mapping/release/mapping.txt
# compiler: R8
# compiler_version: 4.0.52
# min_api: 21
# common_typos_disable
# {"id":"com.android.tools.r8.mapping","version":"2.1"}
# pg_map_id: 3ec5297
# pg_map_hash: SHA-256 3ec5297a0d4ba5005e3df0334aa18e555a904f68de44ebd4b8d8564273f3af2a
...
com.tundralabs.fluttertts.FlutterTtsPlugin$$ExternalSyntheticLambda3 -> i.d:
# {"id":"sourceFile","fileName":"R8$$SyntheticClass"}
# {"id":"com.android.tools.r8.synthesized"}
    com.tundralabs.fluttertts.FlutterTtsPlugin com.tundralabs.fluttertts.FlutterTtsPlugin$$InternalSyntheticLambda$2$79076c23d30867e5087d6893d91b9971ad2f24a3ec201ba039df542f4e847175$0.f$0 -> d
    int com.tundralabs.fluttertts.FlutterTtsPlugin$$InternalSyntheticLambda$2$79076c23d30867e5087d6893d91b9971ad2f24a3ec201ba039df542f4e847175$0.f$1 -> e
    void com.tundralabs.fluttertts.FlutterTtsPlugin$$InternalSyntheticLambda$2$79076c23d30867e5087d6893d91b9971ad2f24a3ec201ba039df542f4e847175$0.<init>(com.tundralabs.fluttertts.FlutterTtsPlugin,int) -> <init>
      # {"id":"com.android.tools.r8.synthesized"}
    void com.tundralabs.fluttertts.FlutterTtsPlugin$$InternalSyntheticLambda$2$79076c23d30867e5087d6893d91b9971ad2f24a3ec201ba039df542f4e847175$0.run() -> run
      # {"id":"com.android.tools.r8.synthesized"}
com.tundralabs.fluttertts.FlutterTtsPlugin$$ExternalSyntheticLambda4 -> i.e:
# {"id":"sourceFile","fileName":"R8$$SyntheticClass"}
# {"id":"com.android.tools.r8.synthesized"}
    java.lang.Object com.tundralabs.fluttertts.FlutterTtsPlugin$$InternalSyntheticLambda$2$796fbd18aaa4dea1d57ff6e5e8bc7d6cd62bd9c7d5e2f49d129a855a38291a77$0.f$2 -> f
    com.tundralabs.fluttertts.FlutterTtsPlugin com.tundralabs.fluttertts.FlutterTtsPlugin$$InternalSyntheticLambda$2$796fbd18aaa4dea1d57ff6e5e8bc7d6cd62bd9c7d5e2f49d129a855a38291a77$0.f$0 -> d
    java.lang.String com.tundralabs.fluttertts.FlutterTtsPlugin$$InternalSyntheticLambda$2$796fbd18aaa4dea1d57ff6e5e8bc7d6cd62bd9c7d5e2f49d129a855a38291a77$0.f$1 -> e
    void com.tundralabs.fluttertts.FlutterTtsPlugin$$InternalSyntheticLambda$2$796fbd18aaa4dea1d57ff6e5e8bc7d6cd62bd9c7d5e2f49d129a855a38291a77$0.<init>(com.tundralabs.fluttertts.FlutterTtsPlugin,java.lang.String,java.lang.Object) -> <init>
      # {"id":"com.android.tools.r8.synthesized"}
    void com.tundralabs.fluttertts.FlutterTtsPlugin$$InternalSyntheticLambda$2$796fbd18aaa4dea1d57ff6e5e8bc7d6cd62bd9c7d5e2f49d129a855a38291a77$0.run() -> run
      # {"id":"com.android.tools.r8.synthesized"}
com.tundralabs.fluttertts.FlutterTtsPlugin$$ExternalSyntheticLambda5 -> i.f:
# {"id":"sourceFile","fileName":"R8$$SyntheticClass"}
# {"id":"com.android.tools.r8.synthesized"}
    com.tundralabs.fluttertts.FlutterTtsPlugin com.tundralabs.fluttertts.FlutterTtsPlugin$$InternalSyntheticLambda$2$86143e375801ae8905059ce9cd16affdb319391e545687de6a36e46f117805ea$0.f$0 -> d
    io.flutter.plugin.common.MethodChannel$Result com.tundralabs.fluttertts.FlutterTtsPlugin$$InternalSyntheticLambda$2$86143e375801ae8905059ce9cd16affdb319391e545687de6a36e46f117805ea$0.f$2 -> f
    io.flutter.plugin.common.MethodCall com.tundralabs.fluttertts.FlutterTtsPlugin$$InternalSyntheticLambda$2$86143e375801ae8905059ce9cd16affdb319391e545687de6a36e46f117805ea$0.f$1 -> e
    void com.tundralabs.fluttertts.FlutterTtsPlugin$$InternalSyntheticLambda$2$86143e375801ae8905059ce9cd16affdb319391e545687de6a36e46f117805ea$0.<init>(com.tundralabs.fluttertts.FlutterTtsPlugin,io.flutter.plugin.common.MethodCall,io.flutter.plugin.common.MethodChannel$Result) -> <init>
      # {"id":"com.android.tools.r8.synthesized"}
    void com.tundralabs.fluttertts.FlutterTtsPlugin$$InternalSyntheticLambda$2$86143e375801ae8905059ce9cd16affdb319391e545687de6a36e46f117805ea$0.run() -> run
      # {"id":"com.android.tools.r8.synthesized"}