build/app/outputs/mapping/release/usage.txt
androidx.core.os.ConfigurationCompat
androidx.core.os.ContinuationOutcomeReceiver
androidx.core.os.EnvironmentCompat$Api19Impl
androidx.core.os.EnvironmentCompat$Api21Impl
androidx.core.os.EnvironmentCompat
androidx.core.os.ExecutorCompat:
    private void <init>()
androidx.core.os.HandlerCompat$Api28Impl
androidx.core.os.HandlerCompat$Api29Impl
androidx.core.os.HandlerCompat
androidx.core.os.HandlerKt$postAtTime$runnable$1
androidx.core.os.HandlerKt$postDelayed$runnable$1
androidx.core.os.HandlerKt
androidx.core.os.LocaleListCompat$Api21Impl
androidx.core.os.LocaleListCompat$Api24Impl
androidx.core.os.LocaleListCompat
androidx.core.os.LocaleListCompatWrapper$Api21Impl
androidx.core.os.LocaleListCompatWrapper
androidx.core.os.LocaleListInterface
androidx.core.os.LocaleListPlatformWrapper
androidx.core.os.MessageCompat$Api22Impl
androidx.core.os.MessageCompat
androidx.core.os.OperationCanceledException
androidx.core.os.OutcomeReceiverKt
androidx.core.os.ParcelCompat
androidx.core.os.ParcelableCompat$ParcelableCompatCreatorHoneycombMR2
androidx.core.os.ParcelableCompat
androidx.core.os.ParcelableCompatCreatorCallbacks
androidx.core.os.PersistableBundleApi21ImplKt
androidx.core.os.PersistableBundleApi22ImplKt
androidx.core.os.PersistableBundleKt
androidx.core.os.ProcessCompat$Api16Impl
androidx.core.os.ProcessCompat$Api17Impl
androidx.core.os.ProcessCompat$Api24Impl
androidx.core.os.ProcessCompat
androidx.core.os.TraceCompat$Api18Impl
androidx.core.os.TraceCompat$Api29Impl
androidx.core.os.TraceCompat
androidx.core.os.TraceKt
androidx.core.os.UserHandleCompat$Api24Impl
androidx.core.os.UserHandleCompat
androidx.core.os.UserManagerCompat$Api24Impl
androidx.core.os.UserManagerCompat
androidx.core.provider.CallbackWithHandler$1
androidx.core.provider.CallbackWithHandler$2
androidx.core.provider.CallbackWithHandler
androidx.core.provider.CalleeHandler
androidx.core.provider.DocumentsContractCompat$DocumentCompat
androidx.core.provider.DocumentsContractCompat$DocumentsContractApi19Impl
androidx.core.provider.DocumentsContractCompat$DocumentsContractApi21Impl
androidx.core.provider.DocumentsContractCompat$DocumentsContractApi24Impl
androidx.core.provider.DocumentsContractCompat
androidx.core.provider.FontProvider$Api16Impl
androidx.core.provider.FontProvider
androidx.core.provider.FontRequest
androidx.core.provider.FontRequestWorker$1
androidx.core.provider.FontRequestWorker$2
androidx.core.provider.FontRequestWorker$3
androidx.core.provider.FontRequestWorker$4
androidx.core.provider.FontRequestWorker$TypefaceResult
androidx.core.provider.FontRequestWorker
androidx.core.provider.FontsContractCompat$Columns
androidx.core.provider.FontsContractCompat$FontFamilyResult
androidx.core.provider.FontsContractCompat$FontInfo
androidx.core.provider.FontsContractCompat$FontRequestCallback$FontRequestFailReason
androidx.core.provider.FontsContractCompat$FontRequestCallback
androidx.core.provider.FontsContractCompat
androidx.core.provider.RequestExecutor$DefaultThreadFactory$ProcessPriorityThread
androidx.core.provider.RequestExecutor$DefaultThreadFactory
androidx.core.provider.RequestExecutor$HandlerExecutor
androidx.core.provider.RequestExecutor$ReplyRunnable$1
androidx.core.provider.RequestExecutor$ReplyRunnable
androidx.core.provider.RequestExecutor
androidx.core.provider.SelfDestructiveThread$1
androidx.core.provider.SelfDestructiveThread$2$1
androidx.core.provider.SelfDestructiveThread$2
androidx.core.provider.SelfDestructiveThread$3
androidx.core.provider.SelfDestructiveThread$ReplyCallback
androidx.core.provider.SelfDestructiveThread
androidx.core.telephony.SubscriptionManagerCompat$Api29Impl
androidx.core.telephony.SubscriptionManagerCompat
androidx.core.telephony.TelephonyManagerCompat$Api23Impl
androidx.core.telephony.TelephonyManagerCompat$Api26Impl
androidx.core.telephony.TelephonyManagerCompat$Api30Impl
androidx.core.telephony.TelephonyManagerCompat
androidx.core.telephony.mbms.MbmsHelper$Api28Impl